info it worked if it ends with ok
verbose cli [ 'node', '/usr/local/bin/npm', 'publish', '--force' ]
info using npm@1.0.106
info using node@v0.4.12
verbose config file /Users/craig/.npmrc
verbose config file /usr/local/etc/npmrc
verbose config file /usr/local/lib/node_modules/npm/npmrc
verbose publish [ '.' ]
silly testEngine { name: 'bean.notify.growl',
silly testEngine   description: 'growl notification bean',
silly testEngine   version: '0.0.1',
silly testEngine   author: { name: 'Craig Condon' },
silly testEngine   repository: 
silly testEngine    { type: 'git',
silly testEngine      url: 'git://github.com/spiceapps/bean.notify.growl.git' },
silly testEngine   dependencies: { growl: '*' },
silly testEngine   main: './plugin/index.js',
silly testEngine   _npmUser: 
silly testEngine    { name: 'architectd',
silly testEngine      email: 'craig.j.condon@gmail.com' },
silly testEngine   _id: 'bean.notify.growl@0.0.1',
silly testEngine   devDependencies: {},
silly testEngine   engines: { node: '*' },
silly testEngine   _engineSupported: true,
silly testEngine   _npmVersion: '1.0.106',
silly testEngine   _nodeVersion: 'v0.4.12',
silly testEngine   _defaultsLoaded: true,
silly testEngine   scripts: {} }
verbose caching /Users/craig/Dropbox/Developer/Public/bean.notify.growl/package.json
verbose loadDefaults bean.notify.growl@0.0.1
info prepublish bean.notify.growl@0.0.1
verbose cache add [ '.', null ]
silly cache add: name, spec, args [ undefined, '.', [ '.', null ] ]
verbose parsed url { pathname: '.', href: '.' }
silly testEngine { name: 'bean.notify.growl',
silly testEngine   description: 'growl notification bean',
silly testEngine   version: '0.0.1',
silly testEngine   author: { name: 'Craig Condon' },
silly testEngine   repository: 
silly testEngine    { type: 'git',
silly testEngine      url: 'git://github.com/spiceapps/bean.notify.growl.git' },
silly testEngine   dependencies: { growl: '*' },
silly testEngine   main: './plugin/index.js',
silly testEngine   _npmUser: 
silly testEngine    { name: 'architectd',
silly testEngine      email: 'craig.j.condon@gmail.com' },
silly testEngine   _id: 'bean.notify.growl@0.0.1',
silly testEngine   devDependencies: {},
silly testEngine   engines: { node: '*' },
silly testEngine   _engineSupported: true,
silly testEngine   _npmVersion: '1.0.106',
silly testEngine   _nodeVersion: 'v0.4.12',
silly testEngine   _defaultsLoaded: true,
silly testEngine   path: '/Users/craig/Dropbox/Developer/Public/bean.notify.growl',
silly testEngine   bundleDependencies: [] }
verbose caching package.json
verbose loadDefaults bean.notify.growl@0.0.1
verbose pack /Users/craig/Dropbox/Developer/Public/bean.notify.growl /var/folders/n1/r96x64mx6jzcbzkbz1ddrw6r0000gn/T/npm-1322337469350/1322337469350-0.3141881884075701/tmp.tgz
silly makeList /Users/craig/Dropbox/Developer/Public/bean.notify.growl
verbose mkdir (expected) error ENOENT, No such file or directory '/var/folders/n1/r96x64mx6jzcbzkbz1ddrw6r0000gn/T/npm-1322337469350'
verbose mkdir (expected) error ENOENT, No such file or directory '/var/folders/n1/r96x64mx6jzcbzkbz1ddrw6r0000gn/T/npm-1322337469350/1322337469350-0.3141881884075701'
verbose mkdir done: /var/folders/n1/r96x64mx6jzcbzkbz1ddrw6r0000gn/T/npm-1322337469350/1322337469350-0.3141881884075701 755
verbose mkdir'ed /var/folders/n1/r96x64mx6jzcbzkbz1ddrw6r0000gn/T/npm-1322337469350/1322337469350-0.3141881884075701
verbose tar about to write tar and gzip it.
silly tar args [ '-czvf', '-', '-T', '-' ]
silly spawning [ 'tar',
silly spawning   [ '-czvf', '-', '-T', '-' ],
silly spawning   '/Users/craig/Dropbox/Developer/Public' ]
verbose mkdir (expected) error ENOENT, No such file or directory '/var/folders/n1/r96x64mx6jzcbzkbz1ddrw6r0000gn/T/npm-1322337469350/1322337469350-0.3141881884075701/contents'
verbose mkdir (expected) error ENOENT, No such file or directory '/var/folders/n1/r96x64mx6jzcbzkbz1ddrw6r0000gn/T/npm-1322337469350/1322337469350-0.3141881884075701/contents/___package.npm'
verbose mkdir done: /var/folders/n1/r96x64mx6jzcbzkbz1ddrw6r0000gn/T/npm-1322337469350/1322337469350-0.3141881884075701/contents/___package.npm 755
verbose unpack_ uid, gid [ undefined, undefined ]
verbose unpackTarget /var/folders/n1/r96x64mx6jzcbzkbz1ddrw6r0000gn/T/npm-1322337469350/1322337469350-0.3141881884075701/contents/package
silly gunzTarPerm modes [ '755', '644' ]
silly spawning [ 'tar',
silly spawning   [ '-zmvxpf',
silly spawning     '/var/folders/n1/r96x64mx6jzcbzkbz1ddrw6r0000gn/T/npm-1322337469350/1322337469350-0.3141881884075701/tmp.tgz' ],
silly spawning   '/var/folders/n1/r96x64mx6jzcbzkbz1ddrw6r0000gn/T/npm-1322337469350/1322337469350-0.3141881884075701/contents/___package.npm' ]
silly tar err x bean.notify.growl/.cupboard
silly tar err x bean.notify.growl/.gitignore
silly tar err x bean.notify.growl/package.json
silly tar err x bean.notify.growl/project.sublime-project
silly tar err x bean.notify.growl/project.tmproj
silly tar err x bean.notify.growl/README.md
silly tar err x bean.notify.growl/plugin/index.js
silly tar err x bean.notify.growl/plugin/icons/node_error.png
silly tar err x bean.notify.growl/plugin/icons/node_info.png
silly tar exit 0
silly asyncMap in gTP /var/folders/n1/r96x64mx6jzcbzkbz1ddrw6r0000gn/T/npm-1322337469350/1322337469350-0.3141881884075701/contents/___package.npm/bean.notify.growl
silly asyncMap in gTP /var/folders/n1/r96x64mx6jzcbzkbz1ddrw6r0000gn/T/npm-1322337469350/1322337469350-0.3141881884075701/contents/___package.npm/bean.notify.growl/.cupboard
silly asyncMap in gTP /var/folders/n1/r96x64mx6jzcbzkbz1ddrw6r0000gn/T/npm-1322337469350/1322337469350-0.3141881884075701/contents/___package.npm/bean.notify.growl/.gitignore
silly asyncMap in gTP /var/folders/n1/r96x64mx6jzcbzkbz1ddrw6r0000gn/T/npm-1322337469350/1322337469350-0.3141881884075701/contents/___package.npm/bean.notify.growl/package.json
silly asyncMap in gTP /var/folders/n1/r96x64mx6jzcbzkbz1ddrw6r0000gn/T/npm-1322337469350/1322337469350-0.3141881884075701/contents/___package.npm/bean.notify.growl/project.sublime-project
silly asyncMap in gTP /var/folders/n1/r96x64mx6jzcbzkbz1ddrw6r0000gn/T/npm-1322337469350/1322337469350-0.3141881884075701/contents/___package.npm/bean.notify.growl/project.tmproj
silly asyncMap in gTP /var/folders/n1/r96x64mx6jzcbzkbz1ddrw6r0000gn/T/npm-1322337469350/1322337469350-0.3141881884075701/contents/___package.npm/bean.notify.growl/README.md
silly asyncMap in gTP /var/folders/n1/r96x64mx6jzcbzkbz1ddrw6r0000gn/T/npm-1322337469350/1322337469350-0.3141881884075701/contents/___package.npm/bean.notify.growl/plugin
silly asyncMap in gTP /var/folders/n1/r96x64mx6jzcbzkbz1ddrw6r0000gn/T/npm-1322337469350/1322337469350-0.3141881884075701/contents/___package.npm/bean.notify.growl/plugin/index.js
silly asyncMap in gTP /var/folders/n1/r96x64mx6jzcbzkbz1ddrw6r0000gn/T/npm-1322337469350/1322337469350-0.3141881884075701/contents/___package.npm/bean.notify.growl/plugin/icons
silly asyncMap in gTP /var/folders/n1/r96x64mx6jzcbzkbz1ddrw6r0000gn/T/npm-1322337469350/1322337469350-0.3141881884075701/contents/___package.npm/bean.notify.growl/plugin/icons/node_error.png
silly asyncMap in gTP /var/folders/n1/r96x64mx6jzcbzkbz1ddrw6r0000gn/T/npm-1322337469350/1322337469350-0.3141881884075701/contents/___package.npm/bean.notify.growl/plugin/icons/node_info.png
verbose gunzed /var/folders/n1/r96x64mx6jzcbzkbz1ddrw6r0000gn/T/npm-1322337469350/1322337469350-0.3141881884075701/contents/___package.npm/bean.notify.growl
verbose rm'ed /var/folders/n1/r96x64mx6jzcbzkbz1ddrw6r0000gn/T/npm-1322337469350/1322337469350-0.3141881884075701/contents/package
verbose renamed [ '/var/folders/n1/r96x64mx6jzcbzkbz1ddrw6r0000gn/T/npm-1322337469350/1322337469350-0.3141881884075701/contents/___package.npm/bean.notify.growl',
verbose renamed   '/var/folders/n1/r96x64mx6jzcbzkbz1ddrw6r0000gn/T/npm-1322337469350/1322337469350-0.3141881884075701/contents/package' ]
silly testEngine { name: 'bean.notify.growl',
silly testEngine   description: 'growl notification bean',
silly testEngine   version: '0.0.1',
silly testEngine   author: { name: 'Craig Condon' },
silly testEngine   repository: 
silly testEngine    { type: 'git',
silly testEngine      url: 'git://github.com/spiceapps/bean.notify.growl.git' },
silly testEngine   dependencies: { growl: '*' },
silly testEngine   main: './plugin/index.js',
silly testEngine   _npmUser: 
silly testEngine    { name: 'architectd',
silly testEngine      email: 'craig.j.condon@gmail.com' },
silly testEngine   _id: 'bean.notify.growl@0.0.1',
silly testEngine   devDependencies: {},
silly testEngine   engines: { node: '*' },
silly testEngine   _engineSupported: true,
silly testEngine   _npmVersion: '1.0.106',
silly testEngine   _nodeVersion: 'v0.4.12',
silly testEngine   _defaultsLoaded: true,
silly testEngine   path: '/var/folders/n1/r96x64mx6jzcbzkbz1ddrw6r0000gn/T/npm-1322337469350/1322337469350-0.3141881884075701/contents/package' }
verbose caching /var/folders/n1/r96x64mx6jzcbzkbz1ddrw6r0000gn/T/npm-1322337469350/1322337469350-0.3141881884075701/contents/package/package.json
verbose loadDefaults bean.notify.growl@0.0.1
verbose tarball contents [ 'package' ]
verbose from cache /var/folders/n1/r96x64mx6jzcbzkbz1ddrw6r0000gn/T/npm-1322337469350/1322337469350-0.3141881884075701/contents/package/package.json
verbose pack /var/folders/n1/r96x64mx6jzcbzkbz1ddrw6r0000gn/T/npm-1322337469350/1322337469350-0.3141881884075701/contents/package /Users/craig/.npm/bean.notify.growl/0.0.1/package.tgz
silly makeList /var/folders/n1/r96x64mx6jzcbzkbz1ddrw6r0000gn/T/npm-1322337469350/1322337469350-0.3141881884075701/contents/package
verbose mkdir'ed /Users/craig/.npm/bean.notify.growl/0.0.1
verbose tar about to write tar and gzip it.
silly tar args [ '-czvf', '-', '-T', '-' ]
silly spawning [ 'tar',
silly spawning   [ '-czvf', '-', '-T', '-' ],
silly spawning   '/var/folders/n1/r96x64mx6jzcbzkbz1ddrw6r0000gn/T/npm-1322337469350/1322337469350-0.3141881884075701/contents' ]
verbose mkdir (expected) error ENOENT, No such file or directory '/Users/craig/.npm/bean.notify.growl/0.0.1/___package.npm'
verbose mkdir done: /Users/craig/.npm/bean.notify.growl/0.0.1/___package.npm 755
verbose unpack_ uid, gid [ undefined, undefined ]
verbose unpackTarget /Users/craig/.npm/bean.notify.growl/0.0.1/package
silly gunzTarPerm modes [ '755', '644' ]
silly spawning [ 'tar',
silly spawning   [ '-zmvxpf',
silly spawning     '/Users/craig/.npm/bean.notify.growl/0.0.1/package.tgz' ],
silly spawning   '/Users/craig/.npm/bean.notify.growl/0.0.1/___package.npm' ]
silly tar err x package/.cupboard
silly tar err x package/.gitignore
silly tar err x package/package.json
silly tar err x package/project.sublime-project
silly tar err x package/project.tmproj
silly tar err x package/README.md
silly tar err x package/plugin/index.js
silly tar err x package/plugin/icons/node_error.png
silly tar err x package/plugin/icons/node_info.png
silly tar exit 0
silly asyncMap in gTP /Users/craig/.npm/bean.notify.growl/0.0.1/___package.npm/package
silly asyncMap in gTP /Users/craig/.npm/bean.notify.growl/0.0.1/___package.npm/package/.cupboard
silly asyncMap in gTP /Users/craig/.npm/bean.notify.growl/0.0.1/___package.npm/package/.gitignore
silly asyncMap in gTP /Users/craig/.npm/bean.notify.growl/0.0.1/___package.npm/package/package.json
silly asyncMap in gTP /Users/craig/.npm/bean.notify.growl/0.0.1/___package.npm/package/project.sublime-project
silly asyncMap in gTP /Users/craig/.npm/bean.notify.growl/0.0.1/___package.npm/package/project.tmproj
silly asyncMap in gTP /Users/craig/.npm/bean.notify.growl/0.0.1/___package.npm/package/README.md
silly asyncMap in gTP /Users/craig/.npm/bean.notify.growl/0.0.1/___package.npm/package/plugin
silly asyncMap in gTP /Users/craig/.npm/bean.notify.growl/0.0.1/___package.npm/package/plugin/index.js
silly asyncMap in gTP /Users/craig/.npm/bean.notify.growl/0.0.1/___package.npm/package/plugin/icons
silly asyncMap in gTP /Users/craig/.npm/bean.notify.growl/0.0.1/___package.npm/package/plugin/icons/node_error.png
silly asyncMap in gTP /Users/craig/.npm/bean.notify.growl/0.0.1/___package.npm/package/plugin/icons/node_info.png
verbose gunzed /Users/craig/.npm/bean.notify.growl/0.0.1/___package.npm/package
verbose rm'ed /Users/craig/.npm/bean.notify.growl/0.0.1/package
verbose renamed [ '/Users/craig/.npm/bean.notify.growl/0.0.1/___package.npm/package',
verbose renamed   '/Users/craig/.npm/bean.notify.growl/0.0.1/package' ]
silly testEngine { name: 'bean.notify.growl',
silly testEngine   description: 'growl notification bean',
silly testEngine   version: '0.0.1',
silly testEngine   author: { name: 'Craig Condon' },
silly testEngine   repository: 
silly testEngine    { type: 'git',
silly testEngine      url: 'git://github.com/spiceapps/bean.notify.growl.git' },
silly testEngine   dependencies: { growl: '*' },
silly testEngine   main: './plugin/index.js',
silly testEngine   _npmUser: 
silly testEngine    { name: 'architectd',
silly testEngine      email: 'craig.j.condon@gmail.com' },
silly testEngine   _id: 'bean.notify.growl@0.0.1',
silly testEngine   devDependencies: {},
silly testEngine   engines: { node: '*' },
silly testEngine   _engineSupported: true,
silly testEngine   _npmVersion: '1.0.106',
silly testEngine   _nodeVersion: 'v0.4.12',
silly testEngine   _defaultsLoaded: true,
silly testEngine   dist: 
silly testEngine    { shasum: 'da1522ec8a0ec0911aa70c19b431ea204fa92b87',
silly testEngine      tarball: 'http://registry.npmjs.org/bean.notify.growl/-/bean.notify.growl-0.0.1.tgz' } }
verbose caching /Users/craig/.npm/bean.notify.growl/0.0.1/package/package.json
verbose loadDefaults bean.notify.growl@0.0.1
silly updated sha bytes 20480
info shasum 078f4fd5763779ddca86185c3ee8b0f007f6e3db
info shasum /Users/craig/.npm/bean.notify.growl/0.0.1/package.tgz
verbose from cache /Users/craig/.npm/bean.notify.growl/0.0.1/package/package.json
verbose chmod /Users/craig/.npm/bean.notify.growl/0.0.1/package.tgz 644
verbose chown [ '/Users/craig/.npm/bean.notify.growl/0.0.1/package.tgz',
verbose chown   501,
verbose chown   20 ]
silly publish { name: 'bean.notify.growl',
silly publish   description: 'growl notification bean',
silly publish   version: '0.0.1',
silly publish   author: { name: 'Craig Condon' },
silly publish   repository: 
silly publish    { type: 'git',
silly publish      url: 'git://github.com/spiceapps/bean.notify.growl.git' },
silly publish   dependencies: { growl: '*' },
silly publish   main: './plugin/index.js',
silly publish   _npmUser: 
silly publish    { name: 'architectd',
silly publish      email: 'craig.j.condon@gmail.com' },
silly publish   _id: 'bean.notify.growl@0.0.1',
silly publish   devDependencies: {},
silly publish   engines: { node: '*' },
silly publish   _engineSupported: true,
silly publish   _npmVersion: '1.0.106',
silly publish   _nodeVersion: 'v0.4.12',
silly publish   _defaultsLoaded: true,
silly publish   dist: 
silly publish    { shasum: 'da1522ec8a0ec0911aa70c19b431ea204fa92b87',
silly publish      tarball: 'http://registry.npmjs.org/bean.notify.growl/-/bean.notify.growl-0.0.1.tgz' } }
verbose PUT bean.notify.growl
verbose raw, before any munging bean.notify.growl
verbose url resolving [ 'https://registry.npmjs.org/',
verbose url resolving   './bean.notify.growl' ]
verbose url resolved https://registry.npmjs.org/bean.notify.growl
verbose GET bean.notify.growl
verbose raw, before any munging bean.notify.growl
verbose url resolving [ 'https://registry.npmjs.org/',
verbose url resolving   './bean.notify.growl' ]
verbose url resolved https://registry.npmjs.org/bean.notify.growl
info Already published bean.notify.growl@0.0.1
verbose uploading bin dists []
WARN publish Forced publish over bean.notify.growl@0.0.1
verbose GET bean.notify.growl
verbose raw, before any munging bean.notify.growl
verbose url resolving [ 'https://registry.npmjs.org/',
verbose url resolving   './bean.notify.growl' ]
verbose url resolved https://registry.npmjs.org/bean.notify.growl
silly get cb [ 200,
silly get cb   { vary: 'Accept',
silly get cb     server: 'CouchDB/1.1.0 (Erlang OTP/R14B04)',
silly get cb     etag: '"9EO6OW4GT3PF4T6U705XNREPI"',
silly get cb     date: 'Sat, 26 Nov 2011 19:57:51 GMT',
silly get cb     'content-type': 'application/json',
silly get cb     'content-length': '1704' } ]
verbose removing attachments { shasum: '84f7dfadcff870f38705583655c2caf7f5a5c2b8',
verbose removing attachments   tarball: 'http://registry.npmjs.org/bean.notify.growl/-/bean.notify.growl-0.0.1.tgz' }
info unpublish No versions remain, removing entire package
verbose DELETE bean.notify.growl/-rev/3-b17fab2f2ff6ca8a517ec00c28f0420c
verbose raw, before any munging bean.notify.growl/-rev/3-b17fab2f2ff6ca8a517ec00c28f0420c
verbose url resolving [ 'https://registry.npmjs.org/',
verbose url resolving   './bean.notify.growl/-rev/3-b17fab2f2ff6ca8a517ec00c28f0420c' ]
verbose url resolved https://registry.npmjs.org/bean.notify.growl/-rev/3-b17fab2f2ff6ca8a517ec00c28f0420c
verbose publish [ '.' ]
verbose from cache /Users/craig/Dropbox/Developer/Public/bean.notify.growl/package.json
info prepublish bean.notify.growl@0.0.1
verbose cache add [ '.', null ]
silly cache add: name, spec, args [ undefined, '.', [ '.', null ] ]
verbose parsed url { pathname: '.', href: '.' }
verbose from cache package.json
verbose pack /Users/craig/Dropbox/Developer/Public/bean.notify.growl /var/folders/n1/r96x64mx6jzcbzkbz1ddrw6r0000gn/T/npm-1322337469350/1322337471482-0.9918826480861753/tmp.tgz
silly makeList /Users/craig/Dropbox/Developer/Public/bean.notify.growl
verbose mkdir (expected) error ENOENT, No such file or directory '/var/folders/n1/r96x64mx6jzcbzkbz1ddrw6r0000gn/T/npm-1322337469350/1322337471482-0.9918826480861753'
verbose mkdir done: /var/folders/n1/r96x64mx6jzcbzkbz1ddrw6r0000gn/T/npm-1322337469350/1322337471482-0.9918826480861753 755
verbose mkdir'ed /var/folders/n1/r96x64mx6jzcbzkbz1ddrw6r0000gn/T/npm-1322337469350/1322337471482-0.9918826480861753
verbose tar about to write tar and gzip it.
silly tar args [ '-czvf', '-', '-T', '-' ]
silly spawning [ 'tar',
silly spawning   [ '-czvf', '-', '-T', '-' ],
silly spawning   '/Users/craig/Dropbox/Developer/Public' ]
verbose mkdir (expected) error ENOENT, No such file or directory '/var/folders/n1/r96x64mx6jzcbzkbz1ddrw6r0000gn/T/npm-1322337469350/1322337471482-0.9918826480861753/contents'
verbose mkdir (expected) error ENOENT, No such file or directory '/var/folders/n1/r96x64mx6jzcbzkbz1ddrw6r0000gn/T/npm-1322337469350/1322337471482-0.9918826480861753/contents/___package.npm'
verbose mkdir done: /var/folders/n1/r96x64mx6jzcbzkbz1ddrw6r0000gn/T/npm-1322337469350/1322337471482-0.9918826480861753/contents/___package.npm 755
verbose unpack_ uid, gid [ undefined, undefined ]
verbose unpackTarget /var/folders/n1/r96x64mx6jzcbzkbz1ddrw6r0000gn/T/npm-1322337469350/1322337471482-0.9918826480861753/contents/package
silly gunzTarPerm modes [ '755', '644' ]
silly spawning [ 'tar',
silly spawning   [ '-zmvxpf',
silly spawning     '/var/folders/n1/r96x64mx6jzcbzkbz1ddrw6r0000gn/T/npm-1322337469350/1322337471482-0.9918826480861753/tmp.tgz' ],
silly spawning   '/var/folders/n1/r96x64mx6jzcbzkbz1ddrw6r0000gn/T/npm-1322337469350/1322337471482-0.9918826480861753/contents/___package.npm' ]
silly tar err x bean.notify.growl/.cupboard
silly tar err x bean.notify.growl/.gitignore
silly tar err x bean.notify.growl/package.json
silly tar err x bean.notify.growl/project.sublime-project
silly tar err x bean.notify.growl/project.tmproj
silly tar err x bean.notify.growl/README.md
silly tar err x bean.notify.growl/plugin/index.js
silly tar err x bean.notify.growl/plugin/icons/node_error.png
silly tar err x bean.notify.growl/plugin/icons/node_info.png
silly tar exit 0
silly asyncMap in gTP /var/folders/n1/r96x64mx6jzcbzkbz1ddrw6r0000gn/T/npm-1322337469350/1322337471482-0.9918826480861753/contents/___package.npm/bean.notify.growl
silly asyncMap in gTP /var/folders/n1/r96x64mx6jzcbzkbz1ddrw6r0000gn/T/npm-1322337469350/1322337471482-0.9918826480861753/contents/___package.npm/bean.notify.growl/.cupboard
silly asyncMap in gTP /var/folders/n1/r96x64mx6jzcbzkbz1ddrw6r0000gn/T/npm-1322337469350/1322337471482-0.9918826480861753/contents/___package.npm/bean.notify.growl/.gitignore
silly asyncMap in gTP /var/folders/n1/r96x64mx6jzcbzkbz1ddrw6r0000gn/T/npm-1322337469350/1322337471482-0.9918826480861753/contents/___package.npm/bean.notify.growl/package.json
silly asyncMap in gTP /var/folders/n1/r96x64mx6jzcbzkbz1ddrw6r0000gn/T/npm-1322337469350/1322337471482-0.9918826480861753/contents/___package.npm/bean.notify.growl/project.sublime-project
silly asyncMap in gTP /var/folders/n1/r96x64mx6jzcbzkbz1ddrw6r0000gn/T/npm-1322337469350/1322337471482-0.9918826480861753/contents/___package.npm/bean.notify.growl/project.tmproj
silly asyncMap in gTP /var/folders/n1/r96x64mx6jzcbzkbz1ddrw6r0000gn/T/npm-1322337469350/1322337471482-0.9918826480861753/contents/___package.npm/bean.notify.growl/README.md
silly asyncMap in gTP /var/folders/n1/r96x64mx6jzcbzkbz1ddrw6r0000gn/T/npm-1322337469350/1322337471482-0.9918826480861753/contents/___package.npm/bean.notify.growl/plugin
silly asyncMap in gTP /var/folders/n1/r96x64mx6jzcbzkbz1ddrw6r0000gn/T/npm-1322337469350/1322337471482-0.9918826480861753/contents/___package.npm/bean.notify.growl/plugin/index.js
silly asyncMap in gTP /var/folders/n1/r96x64mx6jzcbzkbz1ddrw6r0000gn/T/npm-1322337469350/1322337471482-0.9918826480861753/contents/___package.npm/bean.notify.growl/plugin/icons
silly asyncMap in gTP /var/folders/n1/r96x64mx6jzcbzkbz1ddrw6r0000gn/T/npm-1322337469350/1322337471482-0.9918826480861753/contents/___package.npm/bean.notify.growl/plugin/icons/node_error.png
silly asyncMap in gTP /var/folders/n1/r96x64mx6jzcbzkbz1ddrw6r0000gn/T/npm-1322337469350/1322337471482-0.9918826480861753/contents/___package.npm/bean.notify.growl/plugin/icons/node_info.png
verbose gunzed /var/folders/n1/r96x64mx6jzcbzkbz1ddrw6r0000gn/T/npm-1322337469350/1322337471482-0.9918826480861753/contents/___package.npm/bean.notify.growl
verbose rm'ed /var/folders/n1/r96x64mx6jzcbzkbz1ddrw6r0000gn/T/npm-1322337469350/1322337471482-0.9918826480861753/contents/package
verbose renamed [ '/var/folders/n1/r96x64mx6jzcbzkbz1ddrw6r0000gn/T/npm-1322337469350/1322337471482-0.9918826480861753/contents/___package.npm/bean.notify.growl',
verbose renamed   '/var/folders/n1/r96x64mx6jzcbzkbz1ddrw6r0000gn/T/npm-1322337469350/1322337471482-0.9918826480861753/contents/package' ]
silly testEngine { name: 'bean.notify.growl',
silly testEngine   description: 'growl notification bean',
silly testEngine   version: '0.0.1',
silly testEngine   author: { name: 'Craig Condon' },
silly testEngine   repository: 
silly testEngine    { type: 'git',
silly testEngine      url: 'git://github.com/spiceapps/bean.notify.growl.git' },
silly testEngine   dependencies: { growl: '*' },
silly testEngine   main: './plugin/index.js',
silly testEngine   _npmUser: 
silly testEngine    { name: 'architectd',
silly testEngine      email: 'craig.j.condon@gmail.com' },
silly testEngine   _id: 'bean.notify.growl@0.0.1',
silly testEngine   devDependencies: {},
silly testEngine   engines: { node: '*' },
silly testEngine   _engineSupported: true,
silly testEngine   _npmVersion: '1.0.106',
silly testEngine   _nodeVersion: 'v0.4.12',
silly testEngine   _defaultsLoaded: true,
silly testEngine   path: '/var/folders/n1/r96x64mx6jzcbzkbz1ddrw6r0000gn/T/npm-1322337469350/1322337471482-0.9918826480861753/contents/package' }
verbose caching /var/folders/n1/r96x64mx6jzcbzkbz1ddrw6r0000gn/T/npm-1322337469350/1322337471482-0.9918826480861753/contents/package/package.json
verbose loadDefaults bean.notify.growl@0.0.1
verbose tarball contents [ 'package' ]
verbose from cache /var/folders/n1/r96x64mx6jzcbzkbz1ddrw6r0000gn/T/npm-1322337469350/1322337471482-0.9918826480861753/contents/package/package.json
verbose pack /var/folders/n1/r96x64mx6jzcbzkbz1ddrw6r0000gn/T/npm-1322337469350/1322337471482-0.9918826480861753/contents/package /Users/craig/.npm/bean.notify.growl/0.0.1/package.tgz
silly makeList /var/folders/n1/r96x64mx6jzcbzkbz1ddrw6r0000gn/T/npm-1322337469350/1322337471482-0.9918826480861753/contents/package
verbose mkdir (expected) error ENOENT, No such file or directory '/Users/craig/.npm/bean.notify.growl'
verbose mkdir (expected) error ENOENT, No such file or directory '/Users/craig/.npm/bean.notify.growl/0.0.1'
verbose mkdir done: /Users/craig/.npm/bean.notify.growl/0.0.1 755
verbose mkdir'ed /Users/craig/.npm/bean.notify.growl/0.0.1
verbose tar about to write tar and gzip it.
silly tar args [ '-czvf', '-', '-T', '-' ]
silly spawning [ 'tar',
silly spawning   [ '-czvf', '-', '-T', '-' ],
silly spawning   '/var/folders/n1/r96x64mx6jzcbzkbz1ddrw6r0000gn/T/npm-1322337469350/1322337471482-0.9918826480861753/contents' ]
verbose mkdir (expected) error ENOENT, No such file or directory '/Users/craig/.npm/bean.notify.growl/0.0.1/___package.npm'
verbose mkdir done: /Users/craig/.npm/bean.notify.growl/0.0.1/___package.npm 755
verbose unpack_ uid, gid [ undefined, undefined ]
verbose unpackTarget /Users/craig/.npm/bean.notify.growl/0.0.1/package
silly gunzTarPerm modes [ '755', '644' ]
silly spawning [ 'tar',
silly spawning   [ '-zmvxpf',
silly spawning     '/Users/craig/.npm/bean.notify.growl/0.0.1/package.tgz' ],
silly spawning   '/Users/craig/.npm/bean.notify.growl/0.0.1/___package.npm' ]
silly tar err x package/.cupboard
silly tar err x package/.gitignore
silly tar err x package/package.json
silly tar err x package/project.sublime-project
silly tar err x package/project.tmproj
silly tar err x package/README.md
silly tar err x package/plugin/index.js
silly tar err x package/plugin/icons/node_error.png
silly tar err x package/plugin/icons/node_info.png
silly tar exit 0
silly asyncMap in gTP /Users/craig/.npm/bean.notify.growl/0.0.1/___package.npm/package
silly asyncMap in gTP /Users/craig/.npm/bean.notify.growl/0.0.1/___package.npm/package/.cupboard
silly asyncMap in gTP /Users/craig/.npm/bean.notify.growl/0.0.1/___package.npm/package/.gitignore
silly asyncMap in gTP /Users/craig/.npm/bean.notify.growl/0.0.1/___package.npm/package/package.json
silly asyncMap in gTP /Users/craig/.npm/bean.notify.growl/0.0.1/___package.npm/package/project.sublime-project
silly asyncMap in gTP /Users/craig/.npm/bean.notify.growl/0.0.1/___package.npm/package/project.tmproj
silly asyncMap in gTP /Users/craig/.npm/bean.notify.growl/0.0.1/___package.npm/package/README.md
silly asyncMap in gTP /Users/craig/.npm/bean.notify.growl/0.0.1/___package.npm/package/plugin
silly asyncMap in gTP /Users/craig/.npm/bean.notify.growl/0.0.1/___package.npm/package/plugin/index.js
silly asyncMap in gTP /Users/craig/.npm/bean.notify.growl/0.0.1/___package.npm/package/plugin/icons
silly asyncMap in gTP /Users/craig/.npm/bean.notify.growl/0.0.1/___package.npm/package/plugin/icons/node_error.png
silly asyncMap in gTP /Users/craig/.npm/bean.notify.growl/0.0.1/___package.npm/package/plugin/icons/node_info.png
verbose gunzed /Users/craig/.npm/bean.notify.growl/0.0.1/___package.npm/package
verbose rm'ed /Users/craig/.npm/bean.notify.growl/0.0.1/package
verbose renamed [ '/Users/craig/.npm/bean.notify.growl/0.0.1/___package.npm/package',
verbose renamed   '/Users/craig/.npm/bean.notify.growl/0.0.1/package' ]
verbose from cache /Users/craig/.npm/bean.notify.growl/0.0.1/package/package.json
silly updated sha bytes 20480
info shasum da1522ec8a0ec0911aa70c19b431ea204fa92b87
info shasum /Users/craig/.npm/bean.notify.growl/0.0.1/package.tgz
verbose from cache /Users/craig/.npm/bean.notify.growl/0.0.1/package/package.json
verbose chmod /Users/craig/.npm/bean.notify.growl/0.0.1/package.tgz 644
verbose chown [ '/Users/craig/.npm/bean.notify.growl/0.0.1/package.tgz',
verbose chown   501,
verbose chown   20 ]
silly publish { name: 'bean.notify.growl',
silly publish   description: 'growl notification bean',
silly publish   version: '0.0.1',
silly publish   author: { name: 'Craig Condon' },
silly publish   repository: 
silly publish    { type: 'git',
silly publish      url: 'git://github.com/spiceapps/bean.notify.growl.git' },
silly publish   dependencies: { growl: '*' },
silly publish   main: './plugin/index.js',
silly publish   _npmUser: 
silly publish    { name: 'architectd',
silly publish      email: 'craig.j.condon@gmail.com' },
silly publish   _id: 'bean.notify.growl@0.0.1',
silly publish   devDependencies: {},
silly publish   engines: { node: '*' },
silly publish   _engineSupported: true,
silly publish   _npmVersion: '1.0.106',
silly publish   _nodeVersion: 'v0.4.12',
silly publish   _defaultsLoaded: true,
silly publish   dist: 
silly publish    { shasum: 'da1522ec8a0ec0911aa70c19b431ea204fa92b87',
silly publish      tarball: 'http://registry.npmjs.org/bean.notify.growl/-/bean.notify.growl-0.0.1.tgz' } }
verbose PUT bean.notify.growl
verbose raw, before any munging bean.notify.growl
verbose url resolving [ 'https://registry.npmjs.org/',
verbose url resolving   './bean.notify.growl' ]
verbose url resolved https://registry.npmjs.org/bean.notify.growl
verbose GET bean.notify.growl
verbose raw, before any munging bean.notify.growl
verbose url resolving [ 'https://registry.npmjs.org/',
verbose url resolving   './bean.notify.growl' ]
verbose url resolved https://registry.npmjs.org/bean.notify.growl
verbose PUT bean.notify.growl/0.0.1/-tag/latest
verbose raw, before any munging bean.notify.growl/0.0.1/-tag/latest
verbose url resolving [ 'https://registry.npmjs.org/',
verbose url resolving   './bean.notify.growl/0.0.1/-tag/latest' ]
verbose url resolved https://registry.npmjs.org/bean.notify.growl/0.0.1/-tag/latest
ERR! Error sending version data
ERR! Error: forbidden 0.0.1 is modified, should match modified time: bean.notify.growl/0.0.1/-tag/latest
ERR!     at Request._callback (/usr/local/lib/node_modules/npm/lib/utils/npm-registry-client/request.js:180:12)
ERR!     at Request.callback (/usr/local/lib/node_modules/npm/node_modules/request/main.js:99:22)
ERR!     at Request.<anonymous> (/usr/local/lib/node_modules/npm/node_modules/request/main.js:361:18)
ERR!     at Request.emit (events.js:64:17)
ERR!     at IncomingMessage.<anonymous> (/usr/local/lib/node_modules/npm/node_modules/request/main.js:327:16)
ERR!     at IncomingMessage.emit (events.js:81:20)
ERR!     at HTTPParser.onMessageComplete (http.js:133:23)
ERR!     at CleartextStream.ondata (http.js:1231:22)
ERR!     at CleartextStream._push (tls.js:303:27)
ERR!     at SecurePair.cycle (tls.js:577:20)
ERR! Report this *entire* log at:
ERR!     <http://github.com/isaacs/npm/issues>
ERR! or email it to:
ERR!     <npm-@googlegroups.com>
ERR! 
ERR! System Darwin 11.2.0
ERR! command "node" "/usr/local/bin/npm" "publish" "--force"
ERR! cwd /Users/craig/Dropbox/Developer/Public/bean.notify.growl
ERR! node -v v0.4.12
ERR! npm -v 1.0.106
verbose exit [ 1, true ]
